<?xml version="1.0" encoding="UTF-8"?>
<!-- Generated by org.testng.reporters.JUnitReportReporter -->
<testsuite hostname="DESKTOP-1J4VCE7" failures="0" tests="1" name="ai.myalice.app.testcase.AllTestCases" time="1.921" errors="0" timestamp="2024-09-21T02:05:32 BDT" skipped="0">
  <testcase classname="ai.myalice.app.testcase.AllTestCases" name="loginFunctionality" time="1.921"/>
</testsuite> <!-- ai.myalice.app.testcase.AllTestCases -->
